<?xml version="1.0" encoding="UTF-8"?>
<testng-results ignored="0" total="1" passed="1" failed="0" skipped="0">
  <reporter-output>
  </reporter-output>
  <suite started-at="2019-08-19T09:26:48Z" name="Default suite" finished-at="2019-08-19T09:27:09Z" duration-ms="21328">
    <groups>
    </groups>
    <test started-at="2019-08-19T09:26:48Z" name="Default test" finished-at="2019-08-19T09:27:09Z" duration-ms="21328">
      <class name="com.test.LoginTest">
        <test-method is-config="true" signature="setUp()[pri:0, instance:com.test.LoginTest@54e1c68b]" started-at="2019-08-19T09:26:48Z" name="setUp" finished-at="2019-08-19T09:26:56Z" duration-ms="7915" status="PASS">
          <reporter-output>
          </reporter-output>
        </test-method> <!-- setUp -->
        <test-method signature="Logintest()[pri:0, instance:com.test.LoginTest@54e1c68b]" started-at="2019-08-19T09:26:56Z" name="Logintest" finished-at="2019-08-19T09:27:08Z" duration-ms="12644" status="PASS">
          <reporter-output>
          </reporter-output>
        </test-method> <!-- Logintest -->
        <test-method is-config="true" signature="tearDown()[pri:0, instance:com.test.LoginTest@54e1c68b]" started-at="2019-08-19T09:27:08Z" name="tearDown" finished-at="2019-08-19T09:27:09Z" duration-ms="699" status="PASS">
          <reporter-output>
          </reporter-output>
        </test-method> <!-- tearDown -->
      </class> <!-- com.test.LoginTest -->
    </test> <!-- Default test -->
  </suite> <!-- Default suite -->
</testng-results>
