<?xml version="1.0" encoding="UTF-8"?>
<testng-results ignored="0" total="1" passed="1" failed="0" skipped="0">
  <reporter-output>
  </reporter-output>
  <suite started-at="2019-08-19T09:09:54Z" name="Default suite" finished-at="2019-08-19T09:10:14Z" duration-ms="20199">
    <groups>
    </groups>
    <test started-at="2019-08-19T09:09:54Z" name="Default test" finished-at="2019-08-19T09:10:14Z" duration-ms="20199">
      <class name="com.test.LoginTest">
        <test-method is-config="true" signature="setUp()[pri:0, instance:com.test.LoginTest@4310d43]" started-at="2019-08-19T09:09:54Z" name="setUp" finished-at="2019-08-19T09:10:01Z" duration-ms="6970" status="PASS">
          <reporter-output>
          </reporter-output>
        </test-method> <!-- setUp -->
        <test-method signature="Logintest()[pri:0, instance:com.test.LoginTest@4310d43]" started-at="2019-08-19T09:10:01Z" name="Logintest" finished-at="2019-08-19T09:10:13Z" duration-ms="12477" status="PASS">
          <reporter-output>
          </reporter-output>
        </test-method> <!-- Logintest -->
        <test-method is-config="true" signature="tearDown()[pri:0, instance:com.test.LoginTest@4310d43]" started-at="2019-08-19T09:10:13Z" name="tearDown" finished-at="2019-08-19T09:10:14Z" duration-ms="693" status="PASS">
          <reporter-output>
          </reporter-output>
        </test-method> <!-- tearDown -->
      </class> <!-- com.test.LoginTest -->
    </test> <!-- Default test -->
  </suite> <!-- Default suite -->
</testng-results>
